c:\users\ik\documents\visual studio 2013\projects\playvideo\playvideo\debug\vc120.pdb
c:\users\ik\documents\visual studio 2013\projects\playvideo\playvideo\debug\main.obj
c:\users\ik\documents\visual studio 2013\projects\playvideo\playvideo\debug\moc_playvideo.obj
c:\users\ik\documents\visual studio 2013\projects\playvideo\playvideo\debug\playvideo.obj
c:\users\ik\documents\visual studio 2013\projects\playvideo\playvideo\debug\qrc_playvideo.obj
c:\users\ik\documents\visual studio 2013\projects\playvideo\playvideo\generatedfiles\debug\moc_playvideo.cpp
c:\users\ik\documents\visual studio 2013\projects\playvideo\playvideo\generatedfiles\ui_playvideo.h
c:\users\ik\documents\visual studio 2013\projects\playvideo\playvideo\generatedfiles\qrc_playvideo.cpp
c:\users\ik\documents\visual studio 2013\projects\playvideo\win32\debug\playvideo.ilk
c:\users\ik\documents\visual studio 2013\projects\playvideo\win32\debug\playvideo.exe
c:\users\ik\documents\visual studio 2013\projects\playvideo\win32\debug\playvideo.pdb
c:\users\ik\documents\visual studio 2013\projects\playvideo\playvideo\debug\playvideo.tlog\cl.command.1.tlog
c:\users\ik\documents\visual studio 2013\projects\playvideo\playvideo\debug\playvideo.tlog\cl.read.1.tlog
c:\users\ik\documents\visual studio 2013\projects\playvideo\playvideo\debug\playvideo.tlog\cl.write.1.tlog
c:\users\ik\documents\visual studio 2013\projects\playvideo\playvideo\debug\playvideo.tlog\custombuild.command.1.tlog
c:\users\ik\documents\visual studio 2013\projects\playvideo\playvideo\debug\playvideo.tlog\custombuild.read.1.tlog
c:\users\ik\documents\visual studio 2013\projects\playvideo\playvideo\debug\playvideo.tlog\custombuild.write.1.tlog
c:\users\ik\documents\visual studio 2013\projects\playvideo\playvideo\debug\playvideo.tlog\link.command.1.tlog
c:\users\ik\documents\visual studio 2013\projects\playvideo\playvideo\debug\playvideo.tlog\link.read.1.tlog
c:\users\ik\documents\visual studio 2013\projects\playvideo\playvideo\debug\playvideo.tlog\link.write.1.tlog
